<?xml version="1.0" encoding="UTF-8"?>
<!-- Generated by org.testng.reporters.JUnitReportReporter -->
<testsuite skipped="0" hostname="LAPTOP-PU869TE1" name="recap.Soft" tests="2" failures="0" timestamp="18 Nov 2019 15:02:47 GMT" time="0.016" errors="0">
  <testcase name="test2" time="0.000" classname="recap.Soft"/>
  <testcase name="test1" time="0.016" classname="recap.Soft"/>
</testsuite> <!-- recap.Soft -->
