<?xml version="1.0" encoding="UTF-8"?>
<!-- Generated by org.testng.reporters.JUnitReportReporter -->
<testsuite skipped="0" hostname="LAPTOP-PU869TE1" name="tests.verifyTextDisaapearTest" tests="2" failures="0" timestamp="16 Nov 2019 17:36:28 GMT" time="212.195" errors="0">
  <testcase name="verify1" time="133.258" classname="tests.verifyTextDisaapearTest"/>
  <testcase name="verify2" time="78.937" classname="tests.verifyTextDisaapearTest"/>
</testsuite> <!-- tests.verifyTextDisaapearTest -->
