<?xml version="1.0" encoding="UTF-8"?>
<!-- Generated by org.testng.reporters.JUnitReportReporter -->
<testsuite skipped="0" hostname="LAPTOP-PU869TE1" name="tests.scrollTest" tests="1" failures="0" timestamp="16 Nov 2019 17:36:27 GMT" time="52.674" errors="0">
  <testcase name="test" time="52.674" classname="tests.scrollTest"/>
</testsuite> <!-- tests.scrollTest -->
