<?xml version="1.0" encoding="UTF-8"?>
<!-- Generated by org.testng.reporters.JUnitReportReporter -->
<testsuite skipped="0" hostname="LAPTOP-PU869TE1" name="tests.MoreDependenciesTest" tests="3" failures="0" timestamp="16 Nov 2019 17:36:28 GMT" time="0.000" errors="0">
  <testcase name="login" time="0.000" classname="tests.MoreDependenciesTest"/>
  <testcase name="openBrowser" time="0.000" classname="tests.MoreDependenciesTest"/>
  <testcase name="logout" time="0.000" classname="tests.MoreDependenciesTest"/>
</testsuite> <!-- tests.MoreDependenciesTest -->
